<?xml version="1.0" encoding="UTF-8"?>
<testng-results ignored="0" total="1" passed="1" failed="0" skipped="0">
  <reporter-output>
  </reporter-output>
  <suite started-at="2022-04-14T03:10:13 EET" name="Default suite" finished-at="2022-04-14T03:12:16 EET" duration-ms="122749">
    <groups>
    </groups>
    <test started-at="2022-04-14T03:10:13 EET" name="Default test" finished-at="2022-04-14T03:12:16 EET" duration-ms="122749">
      <class name="Tests.CreateNewProduct">
        <test-method is-config="true" signature="beforeSuite(java.lang.String)[pri:0, instance:Tests.CreateNewProduct@2dc54ad4]" started-at="2022-04-14T03:10:12 EET" name="beforeSuite" finished-at="2022-04-14T03:10:13 EET" duration-ms="490" status="PASS">
          <params>
            <param index="0">
              <value>
                <![CDATA[chrome]]>
              </value>
            </param>
          </params>
          <reporter-output>
          </reporter-output>
        </test-method> <!-- beforeSuite -->
        <test-method is-config="true" signature="beforeMethod()[pri:0, instance:Tests.CreateNewProduct@2dc54ad4]" started-at="2022-04-14T03:10:13 EET" name="beforeMethod" finished-at="2022-04-14T03:11:01 EET" duration-ms="47787" status="PASS">
          <reporter-output>
          </reporter-output>
        </test-method> <!-- beforeMethod -->
        <test-method signature="test3(java.lang.String,java.lang.String,java.lang.String)[pri:2, instance:Tests.CreateNewProduct@2dc54ad4]" started-at="2022-04-14T03:11:01 EET" name="test3" data-provider="test-data3" finished-at="2022-04-14T03:12:16 EET" duration-ms="74923" status="PASS">
          <params>
            <param index="0">
              <value>
                <![CDATA[xxCouponFarx]]>
              </value>
            </param>
            <param index="1">
              <value>
                <![CDATA[xxFarghaliDistCodex]]>
              </value>
            </param>
            <param index="2">
              <value>
                <![CDATA[1050]]>
              </value>
            </param>
          </params>
          <reporter-output>
          </reporter-output>
        </test-method> <!-- test3 -->
        <test-method is-config="true" signature="afterMethod()[pri:0, instance:Tests.CreateNewProduct@2dc54ad4]" started-at="2022-04-14T03:12:16 EET" name="afterMethod" finished-at="2022-04-14T03:12:16 EET" duration-ms="0" status="PASS">
          <reporter-output>
          </reporter-output>
        </test-method> <!-- afterMethod -->
      </class> <!-- Tests.CreateNewProduct -->
    </test> <!-- Default test -->
  </suite> <!-- Default suite -->
</testng-results>
